<?xml version="1.0" encoding="UTF-8"?>
<!-- Generated by org.testng.reporters.JUnitXMLReporter -->
<testsuite ignored="0" hostname="LAPTOP-D9L8LA8N" failures="0" tests="14" name="Test" time="121.123" errors="0" timestamp="2024-07-05T21:22:13 IST">
  <testcase classname="stepdefin.RegistrationSteps" name="testRegistration" time="7.798"/>
  <testcase classname="stepdefin.RegistrationSteps" name="testRegistration" time="7.023"/>
  <testcase classname="stepdefin.RegistrationSteps" name="testRegistration" time="6.386"/>
  <testcase classname="stepdefin.RegistrationSteps" name="testRegistration" time="6.872"/>
  <testcase classname="stepdefin.RegistrationSteps" name="testRegistration" time="8.231"/>
  <testcase classname="stepdefin.RegistrationSteps" name="testRegistration" time="4.952"/>
  <testcase classname="stepdefin.RegistrationSteps" name="testRegistration" time="6.589"/>
  <testcase classname="stepdefin.RegistrationSteps" name="testRegistration" time="5.413"/>
  <testcase classname="stepdefin.RegistrationSteps" name="testRegistration" time="5.916"/>
  <testcase classname="stepdefin.RegistrationSteps" name="testRegistration" time="5.784"/>
  <testcase classname="stepdefin.RegistrationSteps" name="testRegistration" time="6.087"/>
  <testcase classname="stepdefin.RegistrationSteps" name="testRegistration" time="6.565"/>
  <testcase classname="stepdefin.RegistrationSteps" name="testRegistration" time="6.513"/>
  <testcase classname="stepdefin.RegistrationSteps" name="testRegistration" time="5.402"/>
</testsuite> <!-- Test -->
