<?xml version="1.0" encoding="UTF-8"?>
<testng-results ignored="0" total="15" passed="15" failed="0" skipped="0">
  <reporter-output>
  </reporter-output>
  <suite started-at="2024-07-05T21:18:56 IST" name="Suite" finished-at="2024-07-05T21:22:12 IST" duration-ms="196254">
    <groups>
    </groups>
    <test started-at="2024-07-05T21:18:56 IST" name="TestFileUpload" finished-at="2024-07-05T21:20:11 IST" duration-ms="75061">
      <class name="stepdefin.FileUploadSteps">
        <test-method is-config="true" signature="setup()[pri:0, instance:stepdefin.FileUploadSteps@6cf0e0ba]" started-at="2024-07-05T21:18:56 IST" name="setup" finished-at="2024-07-05T21:19:28 IST" duration-ms="31979" status="PASS">
          <reporter-output>
          </reporter-output>
        </test-method> <!-- setup -->
        <test-method signature="fileUploadTest()[pri:0, instance:stepdefin.FileUploadSteps@6cf0e0ba]" started-at="2024-07-05T21:19:28 IST" name="fileUploadTest" finished-at="2024-07-05T21:20:06 IST" duration-ms="37735" status="PASS">
          <reporter-output>
          </reporter-output>
        </test-method> <!-- fileUploadTest -->
        <test-method is-config="true" signature="tearDown()[pri:0, instance:stepdefin.FileUploadSteps@6cf0e0ba]" started-at="2024-07-05T21:20:06 IST" name="tearDown" finished-at="2024-07-05T21:20:11 IST" duration-ms="5084" status="PASS">
          <reporter-output>
          </reporter-output>
        </test-method> <!-- tearDown -->
      </class> <!-- stepdefin.FileUploadSteps -->
    </test> <!-- TestFileUpload -->
    <test started-at="2024-07-05T21:20:11 IST" name="Test" finished-at="2024-07-05T21:22:12 IST" duration-ms="121123">
      <class name="stepdefin.RegistrationSteps">
        <test-method is-config="true" signature="setup()[pri:0, instance:stepdefin.RegistrationSteps@3754a4bf]" started-at="2024-07-05T21:20:11 IST" name="setup" finished-at="2024-07-05T21:20:36 IST" duration-ms="24530" status="PASS">
          <reporter-output>
          </reporter-output>
        </test-method> <!-- setup -->
        <test-method signature="testRegistration(java.lang.String,java.lang.String,java.lang.String,java.lang.String,java.lang.String,java.lang.String,boolean)[pri:0, instance:stepdefin.RegistrationSteps@3754a4bf]" started-at="2024-07-05T21:20:36 IST" name="testRegistration" data-provider="registrationData" finished-at="2024-07-05T21:20:44 IST" duration-ms="7798" status="PASS">
          <params>
            <param index="0">
              <value>
                <![CDATA[C V Surendra]]>
              </value>
            </param>
            <param index="1">
              <value>
                <![CDATA[Surendra]]>
              </value>
            </param>
            <param index="2">
              <value>
                <![CDATA[cvsurendra2001@gmail.com]]>
              </value>
            </param>
            <param index="3">
              <value>
                <![CDATA[8186874383]]>
              </value>
            </param>
            <param index="4">
              <value>
                <![CDATA[Phani@123]]>
              </value>
            </param>
            <param index="5">
              <value>
                <![CDATA[Phani@123]]>
              </value>
            </param>
            <param index="6">
              <value>
                <![CDATA[true]]>
              </value>
            </param>
          </params>
          <reporter-output>
          </reporter-output>
        </test-method> <!-- testRegistration -->
        <test-method signature="testRegistration(java.lang.String,java.lang.String,java.lang.String,java.lang.String,java.lang.String,java.lang.String,boolean)[pri:0, instance:stepdefin.RegistrationSteps@3754a4bf]" started-at="2024-07-05T21:20:44 IST" name="testRegistration" data-provider="registrationData" finished-at="2024-07-05T21:20:51 IST" duration-ms="7023" status="PASS">
          <params>
            <param index="0">
              <value>
                <![CDATA[C V Surendra]]>
              </value>
            </param>
            <param index="1">
              <value>
                <![CDATA[Surendra]]>
              </value>
            </param>
            <param index="2">
              <value>
                <![CDATA[cvsurendra2001@gmail.com]]>
              </value>
            </param>
            <param index="3">
              <value>
                <![CDATA[8186874383]]>
              </value>
            </param>
            <param index="4">
              <value>
                <![CDATA[Phani@123]]>
              </value>
            </param>
            <param index="5">
              <value>
                <![CDATA[Phani@123]]>
              </value>
            </param>
            <param index="6">
              <value>
                <![CDATA[false]]>
              </value>
            </param>
          </params>
          <reporter-output>
          </reporter-output>
        </test-method> <!-- testRegistration -->
        <test-method signature="testRegistration(java.lang.String,java.lang.String,java.lang.String,java.lang.String,java.lang.String,java.lang.String,boolean)[pri:0, instance:stepdefin.RegistrationSteps@3754a4bf]" started-at="2024-07-05T21:20:51 IST" name="testRegistration" data-provider="registrationData" finished-at="2024-07-05T21:20:57 IST" duration-ms="6386" status="PASS">
          <params>
            <param index="0">
              <value>
                <![CDATA[C V Surendra]]>
              </value>
            </param>
            <param index="1">
              <value>
                <![CDATA[Surendra]]>
              </value>
            </param>
            <param index="2">
              <value>
                <![CDATA[cvsurendra2001@gmail.com]]>
              </value>
            </param>
            <param index="3">
              <value>
                <![CDATA[8186874383]]>
              </value>
            </param>
            <param index="4">
              <value>
                <![CDATA[Phani@123]]>
              </value>
            </param>
            <param index="5">
              <value>
                <![CDATA[Phani@]]>
              </value>
            </param>
            <param index="6">
              <value>
                <![CDATA[false]]>
              </value>
            </param>
          </params>
          <reporter-output>
          </reporter-output>
        </test-method> <!-- testRegistration -->
        <test-method signature="testRegistration(java.lang.String,java.lang.String,java.lang.String,java.lang.String,java.lang.String,java.lang.String,boolean)[pri:0, instance:stepdefin.RegistrationSteps@3754a4bf]" started-at="2024-07-05T21:20:57 IST" name="testRegistration" data-provider="registrationData" finished-at="2024-07-05T21:21:04 IST" duration-ms="6872" status="PASS">
          <params>
            <param index="0">
              <value>
                <![CDATA[C V Surendra]]>
              </value>
            </param>
            <param index="1">
              <value>
                <![CDATA[Surendra]]>
              </value>
            </param>
            <param index="2">
              <value>
                <![CDATA[cvsurendra2001@gmail.com]]>
              </value>
            </param>
            <param index="3">
              <value>
                <![CDATA[8186874383]]>
              </value>
            </param>
            <param index="4">
              <value>
                <![CDATA[Phani@12]]>
              </value>
            </param>
            <param index="5">
              <value>
                <![CDATA[Phani@123]]>
              </value>
            </param>
            <param index="6">
              <value>
                <![CDATA[false]]>
              </value>
            </param>
          </params>
          <reporter-output>
          </reporter-output>
        </test-method> <!-- testRegistration -->
        <test-method signature="testRegistration(java.lang.String,java.lang.String,java.lang.String,java.lang.String,java.lang.String,java.lang.String,boolean)[pri:0, instance:stepdefin.RegistrationSteps@3754a4bf]" started-at="2024-07-05T21:21:04 IST" name="testRegistration" data-provider="registrationData" finished-at="2024-07-05T21:21:12 IST" duration-ms="8231" status="PASS">
          <params>
            <param index="0">
              <value>
                <![CDATA[C V Surendra]]>
              </value>
            </param>
            <param index="1">
              <value>
                <![CDATA[Surendra]]>
              </value>
            </param>
            <param index="2">
              <value>
                <![CDATA[cvsurendra2001@gmail.com]]>
              </value>
            </param>
            <param index="3">
              <value>
                <![CDATA[8186874]]>
              </value>
            </param>
            <param index="4">
              <value>
                <![CDATA[Phani@123]]>
              </value>
            </param>
            <param index="5">
              <value>
                <![CDATA[Phani@123]]>
              </value>
            </param>
            <param index="6">
              <value>
                <![CDATA[false]]>
              </value>
            </param>
          </params>
          <reporter-output>
          </reporter-output>
        </test-method> <!-- testRegistration -->
        <test-method signature="testRegistration(java.lang.String,java.lang.String,java.lang.String,java.lang.String,java.lang.String,java.lang.String,boolean)[pri:0, instance:stepdefin.RegistrationSteps@3754a4bf]" started-at="2024-07-05T21:21:12 IST" name="testRegistration" data-provider="registrationData" finished-at="2024-07-05T21:21:17 IST" duration-ms="4952" status="PASS">
          <params>
            <param index="0">
              <value>
                <![CDATA[C V Surendra]]>
              </value>
            </param>
            <param index="1">
              <value>
                <![CDATA[Surendra]]>
              </value>
            </param>
            <param index="2">
              <value>
                <![CDATA[cvsurendra2001@]]>
              </value>
            </param>
            <param index="3">
              <value>
                <![CDATA[8186874383]]>
              </value>
            </param>
            <param index="4">
              <value>
                <![CDATA[Phani@123]]>
              </value>
            </param>
            <param index="5">
              <value>
                <![CDATA[Phani@123]]>
              </value>
            </param>
            <param index="6">
              <value>
                <![CDATA[false]]>
              </value>
            </param>
          </params>
          <reporter-output>
          </reporter-output>
        </test-method> <!-- testRegistration -->
        <test-method signature="testRegistration(java.lang.String,java.lang.String,java.lang.String,java.lang.String,java.lang.String,java.lang.String,boolean)[pri:0, instance:stepdefin.RegistrationSteps@3754a4bf]" started-at="2024-07-05T21:21:17 IST" name="testRegistration" data-provider="registrationData" finished-at="2024-07-05T21:21:24 IST" duration-ms="6589" status="PASS">
          <params>
            <param index="0">
              <value>
                <![CDATA[]]>
              </value>
            </param>
            <param index="1">
              <value>
                <![CDATA[Surendra]]>
              </value>
            </param>
            <param index="2">
              <value>
                <![CDATA[cvsurendra2001@gmail.com]]>
              </value>
            </param>
            <param index="3">
              <value>
                <![CDATA[8186874383]]>
              </value>
            </param>
            <param index="4">
              <value>
                <![CDATA[Phani@123]]>
              </value>
            </param>
            <param index="5">
              <value>
                <![CDATA[Phani@]]>
              </value>
            </param>
            <param index="6">
              <value>
                <![CDATA[false]]>
              </value>
            </param>
          </params>
          <reporter-output>
          </reporter-output>
        </test-method> <!-- testRegistration -->
        <test-method signature="testRegistration(java.lang.String,java.lang.String,java.lang.String,java.lang.String,java.lang.String,java.lang.String,boolean)[pri:0, instance:stepdefin.RegistrationSteps@3754a4bf]" started-at="2024-07-05T21:21:24 IST" name="testRegistration" data-provider="registrationData" finished-at="2024-07-05T21:21:29 IST" duration-ms="5413" status="PASS">
          <params>
            <param index="0">
              <value>
                <![CDATA[C V Surendra]]>
              </value>
            </param>
            <param index="1">
              <value>
                <![CDATA[]]>
              </value>
            </param>
            <param index="2">
              <value>
                <![CDATA[cvsurendra2001@gmail.com]]>
              </value>
            </param>
            <param index="3">
              <value>
                <![CDATA[8186874383]]>
              </value>
            </param>
            <param index="4">
              <value>
                <![CDATA[Phani@12]]>
              </value>
            </param>
            <param index="5">
              <value>
                <![CDATA[Phani@123]]>
              </value>
            </param>
            <param index="6">
              <value>
                <![CDATA[false]]>
              </value>
            </param>
          </params>
          <reporter-output>
          </reporter-output>
        </test-method> <!-- testRegistration -->
        <test-method signature="testRegistration(java.lang.String,java.lang.String,java.lang.String,java.lang.String,java.lang.String,java.lang.String,boolean)[pri:0, instance:stepdefin.RegistrationSteps@3754a4bf]" started-at="2024-07-05T21:21:29 IST" name="testRegistration" data-provider="registrationData" finished-at="2024-07-05T21:21:35 IST" duration-ms="5916" status="PASS">
          <params>
            <param index="0">
              <value>
                <![CDATA[C V Surendra]]>
              </value>
            </param>
            <param index="1">
              <value>
                <![CDATA[Surendra]]>
              </value>
            </param>
            <param index="2">
              <value>
                <![CDATA[]]>
              </value>
            </param>
            <param index="3">
              <value>
                <![CDATA[8186874383]]>
              </value>
            </param>
            <param index="4">
              <value>
                <![CDATA[Phani@123]]>
              </value>
            </param>
            <param index="5">
              <value>
                <![CDATA[Phani@123]]>
              </value>
            </param>
            <param index="6">
              <value>
                <![CDATA[false]]>
              </value>
            </param>
          </params>
          <reporter-output>
          </reporter-output>
        </test-method> <!-- testRegistration -->
        <test-method signature="testRegistration(java.lang.String,java.lang.String,java.lang.String,java.lang.String,java.lang.String,java.lang.String,boolean)[pri:0, instance:stepdefin.RegistrationSteps@3754a4bf]" started-at="2024-07-05T21:21:35 IST" name="testRegistration" data-provider="registrationData" finished-at="2024-07-05T21:21:41 IST" duration-ms="5784" status="PASS">
          <params>
            <param index="0">
              <value>
                <![CDATA[C V Surendra]]>
              </value>
            </param>
            <param index="1">
              <value>
                <![CDATA[Surendra]]>
              </value>
            </param>
            <param index="2">
              <value>
                <![CDATA[cvsurendra2001@gmail.com]]>
              </value>
            </param>
            <param index="3">
              <value>
                <![CDATA[]]>
              </value>
            </param>
            <param index="4">
              <value>
                <![CDATA[Phani@123]]>
              </value>
            </param>
            <param index="5">
              <value>
                <![CDATA[Phani@123]]>
              </value>
            </param>
            <param index="6">
              <value>
                <![CDATA[false]]>
              </value>
            </param>
          </params>
          <reporter-output>
          </reporter-output>
        </test-method> <!-- testRegistration -->
        <test-method signature="testRegistration(java.lang.String,java.lang.String,java.lang.String,java.lang.String,java.lang.String,java.lang.String,boolean)[pri:0, instance:stepdefin.RegistrationSteps@3754a4bf]" started-at="2024-07-05T21:21:41 IST" name="testRegistration" data-provider="registrationData" finished-at="2024-07-05T21:21:47 IST" duration-ms="6087" status="PASS">
          <params>
            <param index="0">
              <value>
                <![CDATA[C V Surendra]]>
              </value>
            </param>
            <param index="1">
              <value>
                <![CDATA[Surendra]]>
              </value>
            </param>
            <param index="2">
              <value>
                <![CDATA[cvsurendra2001@gmail.com]]>
              </value>
            </param>
            <param index="3">
              <value>
                <![CDATA[8186874383]]>
              </value>
            </param>
            <param index="4">
              <value>
                <![CDATA[]]>
              </value>
            </param>
            <param index="5">
              <value>
                <![CDATA[Phani@123]]>
              </value>
            </param>
            <param index="6">
              <value>
                <![CDATA[false]]>
              </value>
            </param>
          </params>
          <reporter-output>
          </reporter-output>
        </test-method> <!-- testRegistration -->
        <test-method signature="testRegistration(java.lang.String,java.lang.String,java.lang.String,java.lang.String,java.lang.String,java.lang.String,boolean)[pri:0, instance:stepdefin.RegistrationSteps@3754a4bf]" started-at="2024-07-05T21:21:47 IST" name="testRegistration" data-provider="registrationData" finished-at="2024-07-05T21:21:54 IST" duration-ms="6565" status="PASS">
          <params>
            <param index="0">
              <value>
                <![CDATA[C V Surendra]]>
              </value>
            </param>
            <param index="1">
              <value>
                <![CDATA[Surendra]]>
              </value>
            </param>
            <param index="2">
              <value>
                <![CDATA[cvsurendra2001@gmail.com]]>
              </value>
            </param>
            <param index="3">
              <value>
                <![CDATA[8186874383]]>
              </value>
            </param>
            <param index="4">
              <value>
                <![CDATA[Phani@123]]>
              </value>
            </param>
            <param index="5">
              <value>
                <![CDATA[]]>
              </value>
            </param>
            <param index="6">
              <value>
                <![CDATA[false]]>
              </value>
            </param>
          </params>
          <reporter-output>
          </reporter-output>
        </test-method> <!-- testRegistration -->
        <test-method signature="testRegistration(java.lang.String,java.lang.String,java.lang.String,java.lang.String,java.lang.String,java.lang.String,boolean)[pri:0, instance:stepdefin.RegistrationSteps@3754a4bf]" started-at="2024-07-05T21:21:54 IST" name="testRegistration" data-provider="registrationData" finished-at="2024-07-05T21:22:00 IST" duration-ms="6513" status="PASS">
          <params>
            <param index="0">
              <value>
                <![CDATA[]]>
              </value>
            </param>
            <param index="1">
              <value>
                <![CDATA[]]>
              </value>
            </param>
            <param index="2">
              <value>
                <![CDATA[]]>
              </value>
            </param>
            <param index="3">
              <value>
                <![CDATA[]]>
              </value>
            </param>
            <param index="4">
              <value>
                <![CDATA[]]>
              </value>
            </param>
            <param index="5">
              <value>
                <![CDATA[]]>
              </value>
            </param>
            <param index="6">
              <value>
                <![CDATA[false]]>
              </value>
            </param>
          </params>
          <reporter-output>
          </reporter-output>
        </test-method> <!-- testRegistration -->
        <test-method signature="testRegistration(java.lang.String,java.lang.String,java.lang.String,java.lang.String,java.lang.String,java.lang.String,boolean)[pri:0, instance:stepdefin.RegistrationSteps@3754a4bf]" started-at="2024-07-05T21:22:00 IST" name="testRegistration" data-provider="registrationData" finished-at="2024-07-05T21:22:06 IST" duration-ms="5402" status="PASS">
          <params>
            <param index="0">
              <value>
                <![CDATA[345566]]>
              </value>
            </param>
            <param index="1">
              <value>
                <![CDATA[$$$]]>
              </value>
            </param>
            <param index="2">
              <value>
                <![CDATA[85949jjbbb]]>
              </value>
            </param>
            <param index="3">
              <value>
                <![CDATA[% $]]>
              </value>
            </param>
            <param index="4">
              <value>
                <![CDATA[% $ $ $]]>
              </value>
            </param>
            <param index="5">
              <value>
                <![CDATA[!&%]]>
              </value>
            </param>
            <param index="6">
              <value>
                <![CDATA[false]]>
              </value>
            </param>
          </params>
          <reporter-output>
          </reporter-output>
        </test-method> <!-- testRegistration -->
        <test-method is-config="true" signature="tearDown()[pri:0, instance:stepdefin.RegistrationSteps@3754a4bf]" started-at="2024-07-05T21:22:06 IST" name="tearDown" finished-at="2024-07-05T21:22:12 IST" duration-ms="6686" status="PASS">
          <reporter-output>
          </reporter-output>
        </test-method> <!-- tearDown -->
      </class> <!-- stepdefin.RegistrationSteps -->
    </test> <!-- Test -->
  </suite> <!-- Suite -->
</testng-results>
